Libraries/DroidPlugin/build/intermediates/manifest_merge_blame_file/debug/manifest-merger-blame-debug-report.txt
1<?xml version="1.0" encoding="utf-8"?>
2<!--
3/*
4**        DroidPlugin Project
5**
6** Copyright(c) 2015 Andy Zhang <zhangyong232@gmail.com>
7**
8** This file is part of DroidPlugin.
9**
10** DroidPlugin is free software: you can redistribute it and/or
11** modify it under the terms of the GNU Lesser General Public
12** License as published by the Free Software Foundation, either
13** version 3 of the License, or (at your option) any later version.
14**
15** DroidPlugin is distributed in the hope that it will be useful,
16** but WITHOUT ANY WARRANTY; without even the implied warranty of
17** MERCHANTABILITY or FITNESS FOR A PARTICULAR PURPOSE.  See the GNU
18** Lesser General Public License for more details.
19**
20** You should have received a copy of the GNU Lesser General Public
21** License along with DroidPlugin.  If not, see <http://www.gnu.org/licenses/lgpl.txt>
22**
23**/
24-->
25<manifest xmlns:android="http://schemas.android.com/apk/res/android"
26    package="com.morgoo.droidplugin"
27    android:versionCode="1"
28    android:versionName="1.0" >
29
30    <uses-sdk android:minSdkVersion="9" />
30-->src\main\AndroidManifest.xml
31
32    <!-- 预申请很多权限。也是为了插件使用 -->
33    <uses-permission android:name="android.permission.ACCESS_COARSE_LOCATION" />
33-->src\main\AndroidManifest.xml:33:5-81
33-->src\main\AndroidManifest.xml:33:22-78
34    <uses-permission android:name="android.permission.ACCESS_FINE_LOCATION" />
34-->src\main\AndroidManifest.xml:34:5-79
34-->src\main\AndroidManifest.xml:34:22-76
35    <uses-permission android:name="android.permission.ACCESS_LOCATION_EXTRA_COMMANDS" />
35-->src\main\AndroidManifest.xml:35:5-89
35-->src\main\AndroidManifest.xml:35:22-86
36    <uses-permission android:name="android.permission.ACCESS_NETWORK_STATE" />
36-->src\main\AndroidManifest.xml:36:5-79
36-->src\main\AndroidManifest.xml:36:22-76
37    <uses-permission android:name="android.permission.ACCESS_WIFI_STATE" />
37-->src\main\AndroidManifest.xml:37:5-76
37-->src\main\AndroidManifest.xml:37:22-73
38    <uses-permission android:name="android.permission.ACCESS_WIMAX_STATE" />
38-->src\main\AndroidManifest.xml:38:5-77
38-->src\main\AndroidManifest.xml:38:22-74
39    <uses-permission android:name="android.permission.AUTHENTICATE_ACCOUNTS" />
39-->src\main\AndroidManifest.xml:39:5-80
39-->src\main\AndroidManifest.xml:39:22-77
40    <uses-permission android:name="android.permission.BLUETOOTH" />
40-->src\main\AndroidManifest.xml:40:5-68
40-->src\main\AndroidManifest.xml:40:22-65
41    <uses-permission android:name="android.permission.BLUETOOTH_ADMIN" />
41-->src\main\AndroidManifest.xml:41:5-74
41-->src\main\AndroidManifest.xml:41:22-71
42    <uses-permission android:name="android.permission.BODY_SENSORS" />
42-->src\main\AndroidManifest.xml:42:5-71
42-->src\main\AndroidManifest.xml:42:22-68
43    <uses-permission android:name="android.permission.BROADCAST_STICKY" />
43-->src\main\AndroidManifest.xml:43:5-75
43-->src\main\AndroidManifest.xml:43:22-72
44    <uses-permission android:name="android.permission.CALL_PHONE" />
44-->src\main\AndroidManifest.xml:44:5-69
44-->src\main\AndroidManifest.xml:44:22-66
45    <uses-permission android:name="android.permission.CAMERA" />
45-->src\main\AndroidManifest.xml:45:5-65
45-->src\main\AndroidManifest.xml:45:22-62
46    <uses-permission android:name="android.permission.CHANGE_NETWORK_STATE" />
46-->src\main\AndroidManifest.xml:46:5-79
46-->src\main\AndroidManifest.xml:46:22-76
47    <uses-permission android:name="android.permission.CHANGE_WIFI_MULTICAST_STATE" />
47-->src\main\AndroidManifest.xml:47:5-86
47-->src\main\AndroidManifest.xml:47:22-83
48    <uses-permission android:name="android.permission.CHANGE_WIFI_STATE" />
48-->src\main\AndroidManifest.xml:48:5-76
48-->src\main\AndroidManifest.xml:48:22-73
49    <uses-permission android:name="android.permission.CHANGE_WIMAX_STATE" />
49-->src\main\AndroidManifest.xml:49:5-77
49-->src\main\AndroidManifest.xml:49:22-74
50    <uses-permission android:name="android.permission.CLEAR_APP_CACHE" />
50-->src\main\AndroidManifest.xml:50:5-74
50-->src\main\AndroidManifest.xml:50:22-71
51    <uses-permission android:name="android.permission.DISABLE_KEYGUARD" />
51-->src\main\AndroidManifest.xml:51:5-75
51-->src\main\AndroidManifest.xml:51:22-72
52    <uses-permission android:name="android.permission.DOWNLOAD_WITHOUT_NOTIFICATION" />
52-->src\main\AndroidManifest.xml:52:5-88
52-->src\main\AndroidManifest.xml:52:22-85
53    <uses-permission android:name="android.permission.EXPAND_STATUS_BAR" />
53-->src\main\AndroidManifest.xml:53:5-76
53-->src\main\AndroidManifest.xml:53:22-73
54    <uses-permission android:name="android.permission.FLASHLIGHT" />
54-->src\main\AndroidManifest.xml:54:5-69
54-->src\main\AndroidManifest.xml:54:22-66
55    <uses-permission android:name="android.permission.GET_ACCOUNTS" />
55-->src\main\AndroidManifest.xml:55:5-71
55-->src\main\AndroidManifest.xml:55:22-68
56    <uses-permission android:name="android.permission.GET_PACKAGE_SIZE" />
56-->src\main\AndroidManifest.xml:56:5-75
56-->src\main\AndroidManifest.xml:56:22-72
57    <uses-permission android:name="android.permission.GET_TASKS" />
57-->src\main\AndroidManifest.xml:57:5-68
57-->src\main\AndroidManifest.xml:57:22-65
58    <uses-permission android:name="android.permission.INTERNET" />
58-->src\main\AndroidManifest.xml:58:5-67
58-->src\main\AndroidManifest.xml:58:22-64
59    <uses-permission android:name="android.permission.KILL_BACKGROUND_PROCESSES" />
59-->src\main\AndroidManifest.xml:59:5-84
59-->src\main\AndroidManifest.xml:59:22-81
60    <uses-permission android:name="android.permission.MANAGE_ACCOUNTS" />
60-->src\main\AndroidManifest.xml:60:5-74
60-->src\main\AndroidManifest.xml:60:22-71
61    <uses-permission android:name="android.permission.MODIFY_AUDIO_SETTINGS" />
61-->src\main\AndroidManifest.xml:61:5-80
61-->src\main\AndroidManifest.xml:61:22-77
62    <uses-permission android:name="android.permission.NFC" />
62-->src\main\AndroidManifest.xml:62:5-62
62-->src\main\AndroidManifest.xml:62:22-59
63    <uses-permission android:name="android.permission.PERSISTENT_ACTIVITY" />
63-->src\main\AndroidManifest.xml:63:5-78
63-->src\main\AndroidManifest.xml:63:22-75
64    <uses-permission android:name="android.permission.PROCESS_OUTGOING_CALLS" />
64-->src\main\AndroidManifest.xml:64:5-81
64-->src\main\AndroidManifest.xml:64:22-78
65    <uses-permission android:name="android.permission.READ_CALENDAR" />
65-->src\main\AndroidManifest.xml:65:5-72
65-->src\main\AndroidManifest.xml:65:22-69
66    <uses-permission android:name="android.permission.READ_CALL_LOG" />
66-->src\main\AndroidManifest.xml:66:5-72
66-->src\main\AndroidManifest.xml:66:22-69
67    <uses-permission android:name="android.permission.READ_CELL_BROADCASTS" />
67-->src\main\AndroidManifest.xml:67:5-79
67-->src\main\AndroidManifest.xml:67:22-76
68    <uses-permission android:name="android.permission.READ_CONTACTS" />
68-->src\main\AndroidManifest.xml:68:5-72
68-->src\main\AndroidManifest.xml:68:22-69
69    <uses-permission android:name="android.permission.READ_EXTERNAL_STORAGE" />
69-->src\main\AndroidManifest.xml:69:5-80
69-->src\main\AndroidManifest.xml:69:22-77
70    <uses-permission android:name="android.permission.READ_INSTALL_SESSIONS" />
70-->src\main\AndroidManifest.xml:70:5-80
70-->src\main\AndroidManifest.xml:70:22-77
71    <uses-permission android:name="android.permission.READ_PHONE_STATE" />
71-->src\main\AndroidManifest.xml:71:5-75
71-->src\main\AndroidManifest.xml:71:22-72
72    <uses-permission android:name="android.permission.READ_PROFILE" />
72-->src\main\AndroidManifest.xml:72:5-71
72-->src\main\AndroidManifest.xml:72:22-68
73    <uses-permission android:name="android.permission.READ_SMS" />
73-->src\main\AndroidManifest.xml:73:5-67
73-->src\main\AndroidManifest.xml:73:22-64
74    <uses-permission android:name="android.permission.READ_SOCIAL_STREAM" />
74-->src\main\AndroidManifest.xml:74:5-77
74-->src\main\AndroidManifest.xml:74:22-74
75    <uses-permission android:name="android.permission.READ_SYNC_SETTINGS" />
75-->src\main\AndroidManifest.xml:75:5-77
75-->src\main\AndroidManifest.xml:75:22-74
76    <uses-permission android:name="android.permission.READ_SYNC_STATS" />
76-->src\main\AndroidManifest.xml:76:5-74
76-->src\main\AndroidManifest.xml:76:22-71
77    <uses-permission android:name="android.permission.READ_USER_DICTIONARY" />
77-->src\main\AndroidManifest.xml:77:5-79
77-->src\main\AndroidManifest.xml:77:22-76
78    <uses-permission android:name="android.permission.RECEIVE_BOOT_COMPLETED" />
78-->src\main\AndroidManifest.xml:78:5-81
78-->src\main\AndroidManifest.xml:78:22-78
79    <uses-permission android:name="android.permission.RECEIVE_MMS" />
79-->src\main\AndroidManifest.xml:79:5-70
79-->src\main\AndroidManifest.xml:79:22-67
80    <uses-permission android:name="android.permission.RECEIVE_SMS" />
80-->src\main\AndroidManifest.xml:80:5-70
80-->src\main\AndroidManifest.xml:80:22-67
81    <uses-permission android:name="android.permission.RECEIVE_WAP_PUSH" />
81-->src\main\AndroidManifest.xml:81:5-75
81-->src\main\AndroidManifest.xml:81:22-72
82    <uses-permission android:name="android.permission.RECORD_AUDIO" />
82-->src\main\AndroidManifest.xml:82:5-71
82-->src\main\AndroidManifest.xml:82:22-68
83    <uses-permission android:name="android.permission.REORDER_TASKS" />
83-->src\main\AndroidManifest.xml:83:5-72
83-->src\main\AndroidManifest.xml:83:22-69
84    <uses-permission android:name="android.permission.RESTART_PACKAGES" />
84-->src\main\AndroidManifest.xml:84:5-75
84-->src\main\AndroidManifest.xml:84:22-72
85    <uses-permission android:name="android.permission.SEND_SMS" />
85-->src\main\AndroidManifest.xml:85:5-67
85-->src\main\AndroidManifest.xml:85:22-64
86    <uses-permission android:name="android.permission.SET_TIME_ZONE" />
86-->src\main\AndroidManifest.xml:86:5-72
86-->src\main\AndroidManifest.xml:86:22-69
87    <uses-permission android:name="android.permission.SET_WALLPAPER" />
87-->src\main\AndroidManifest.xml:87:5-72
87-->src\main\AndroidManifest.xml:87:22-69
88    <uses-permission android:name="android.permission.SET_WALLPAPER_HINTS" />
88-->src\main\AndroidManifest.xml:88:5-78
88-->src\main\AndroidManifest.xml:88:22-75
89    <uses-permission android:name="android.permission.SUBSCRIBED_FEEDS_READ" />
89-->src\main\AndroidManifest.xml:89:5-80
89-->src\main\AndroidManifest.xml:89:22-77
90    <uses-permission android:name="android.permission.SUBSCRIBED_FEEDS_WRITE" />
90-->src\main\AndroidManifest.xml:90:5-81
90-->src\main\AndroidManifest.xml:90:22-78
91    <uses-permission android:name="android.permission.SYSTEM_ALERT_WINDOW" />
91-->src\main\AndroidManifest.xml:91:5-78
91-->src\main\AndroidManifest.xml:91:22-75
92    <uses-permission android:name="android.permission.TRANSMIT_IR" />
92-->src\main\AndroidManifest.xml:92:5-70
92-->src\main\AndroidManifest.xml:92:22-67
93    <uses-permission android:name="android.permission.USE_CREDENTIALS" />
93-->src\main\AndroidManifest.xml:93:5-74
93-->src\main\AndroidManifest.xml:93:22-71
94    <uses-permission android:name="android.permission.USE_SIP" />
94-->src\main\AndroidManifest.xml:94:5-66
94-->src\main\AndroidManifest.xml:94:22-63
95    <uses-permission android:name="android.permission.VIBRATE" />
95-->src\main\AndroidManifest.xml:95:5-66
95-->src\main\AndroidManifest.xml:95:22-63
96    <uses-permission android:name="android.permission.WAKE_LOCK" />
96-->src\main\AndroidManifest.xml:96:5-68
96-->src\main\AndroidManifest.xml:96:22-65
97    <uses-permission android:name="android.permission.WRITE_CALENDAR" />
97-->src\main\AndroidManifest.xml:97:5-73
97-->src\main\AndroidManifest.xml:97:22-70
98    <uses-permission android:name="android.permission.WRITE_CALL_LOG" />
98-->src\main\AndroidManifest.xml:98:5-73
98-->src\main\AndroidManifest.xml:98:22-70
99    <uses-permission android:name="android.permission.WRITE_CONTACTS" />
99-->src\main\AndroidManifest.xml:99:5-73
99-->src\main\AndroidManifest.xml:99:22-70
100    <uses-permission android:name="android.permission.WRITE_EXTERNAL_STORAGE" />
100-->src\main\AndroidManifest.xml:100:5-81
100-->src\main\AndroidManifest.xml:100:22-78
101    <uses-permission android:name="android.permission.WRITE_PROFILE" />
101-->src\main\AndroidManifest.xml:101:5-72
101-->src\main\AndroidManifest.xml:101:22-69
102    <uses-permission android:name="android.permission.WRITE_SETTINGS" />
102-->src\main\AndroidManifest.xml:102:5-73
102-->src\main\AndroidManifest.xml:102:22-70
103    <uses-permission android:name="android.permission.WRITE_SMS" />
103-->src\main\AndroidManifest.xml:103:5-68
103-->src\main\AndroidManifest.xml:103:22-65
104    <uses-permission android:name="android.permission.WRITE_SOCIAL_STREAM" />
104-->src\main\AndroidManifest.xml:104:5-78
104-->src\main\AndroidManifest.xml:104:22-75
105    <uses-permission android:name="android.permission.WRITE_SYNC_SETTINGS" />
105-->src\main\AndroidManifest.xml:105:5-78
105-->src\main\AndroidManifest.xml:105:22-75
106    <uses-permission android:name="android.permission.WRITE_USER_DICTIONARY" />
106-->src\main\AndroidManifest.xml:106:5-80
106-->src\main\AndroidManifest.xml:106:22-77
107    <uses-permission android:name="com.android.alarm.permission.SET_ALARM" />
107-->src\main\AndroidManifest.xml:107:5-78
107-->src\main\AndroidManifest.xml:107:22-75
108    <uses-permission android:name="com.android.browser.permission.READ_HISTORY_BOOKMARKS" />
108-->src\main\AndroidManifest.xml:108:5-93
108-->src\main\AndroidManifest.xml:108:22-90
109    <uses-permission android:name="com.android.browser.permission.WRITE_HISTORY_BOOKMARKS" />
109-->src\main\AndroidManifest.xml:109:5-94
109-->src\main\AndroidManifest.xml:109:22-91
110    <uses-permission android:name="com.android.launcher.permission.INSTALL_SHORTCUT" />
110-->src\main\AndroidManifest.xml:110:5-88
110-->src\main\AndroidManifest.xml:110:22-85
111    <uses-permission android:name="com.android.launcher.permission.UNINSTALL_SHORTCUT" />
111-->src\main\AndroidManifest.xml:111:5-90
111-->src\main\AndroidManifest.xml:111:22-87
112    <uses-permission android:name="com.android.vending.BILLING" />
112-->src\main\AndroidManifest.xml:112:5-67
112-->src\main\AndroidManifest.xml:112:22-64
113    <uses-permission android:name="com.android.vending.CHECK_LICENSE" />
113-->src\main\AndroidManifest.xml:113:5-73
113-->src\main\AndroidManifest.xml:113:22-70
114    <uses-permission android:name="com.android.voicemail.permission.ADD_VOICEMAIL" />
114-->src\main\AndroidManifest.xml:114:5-86
114-->src\main\AndroidManifest.xml:114:22-83
115    <uses-permission android:name="com.google.android.c2dm.permission.RECEIVE" />
115-->src\main\AndroidManifest.xml:115:5-82
115-->src\main\AndroidManifest.xml:115:22-79
116    <uses-permission android:name="com.google.android.gms.permission.ACTIVITY_RECOGNITION" />
116-->src\main\AndroidManifest.xml:116:5-94
116-->src\main\AndroidManifest.xml:116:22-91
117    <uses-permission android:name="com.google.android.gms.permission.AD_ID_NOTIFICATION" />
117-->src\main\AndroidManifest.xml:117:5-92
117-->src\main\AndroidManifest.xml:117:22-89
118    <uses-permission android:name="com.google.android.googleapps.permission.GOOGLE_AUTH" />
118-->src\main\AndroidManifest.xml:118:5-92
118-->src\main\AndroidManifest.xml:118:22-89
119    <uses-permission android:name="com.google.android.googleapps.permission.GOOGLE_AUTH.OTHER_SERVICES" />
119-->src\main\AndroidManifest.xml:119:5-107
119-->src\main\AndroidManifest.xml:119:22-104
120    <uses-permission android:name="com.google.android.googleapps.permission.GOOGLE_AUTH.YouTubeUser" />
120-->src\main\AndroidManifest.xml:120:5-104
120-->src\main\AndroidManifest.xml:120:22-101
121    <uses-permission android:name="com.google.android.googleapps.permission.GOOGLE_AUTH.adsense" />
121-->src\main\AndroidManifest.xml:121:5-100
121-->src\main\AndroidManifest.xml:121:22-97
122    <uses-permission android:name="com.google.android.googleapps.permission.GOOGLE_AUTH.adwords" />
122-->src\main\AndroidManifest.xml:122:5-100
122-->src\main\AndroidManifest.xml:122:22-97
123    <uses-permission android:name="com.google.android.googleapps.permission.GOOGLE_AUTH.ah" />
123-->src\main\AndroidManifest.xml:123:5-95
123-->src\main\AndroidManifest.xml:123:22-92
124    <uses-permission android:name="com.google.android.googleapps.permission.GOOGLE_AUTH.android" />
124-->src\main\AndroidManifest.xml:124:5-100
124-->src\main\AndroidManifest.xml:124:22-97
125    <uses-permission android:name="com.google.android.googleapps.permission.GOOGLE_AUTH.androidsecure" />
125-->src\main\AndroidManifest.xml:125:5-106
125-->src\main\AndroidManifest.xml:125:22-103
126    <uses-permission android:name="com.google.android.googleapps.permission.GOOGLE_AUTH.blogger" />
126-->src\main\AndroidManifest.xml:126:5-100
126-->src\main\AndroidManifest.xml:126:22-97
127    <uses-permission android:name="com.google.android.googleapps.permission.GOOGLE_AUTH.cl" />
127-->src\main\AndroidManifest.xml:127:5-95
127-->src\main\AndroidManifest.xml:127:22-92
128    <uses-permission android:name="com.google.android.googleapps.permission.GOOGLE_AUTH.cp" />
128-->src\main\AndroidManifest.xml:128:5-95
128-->src\main\AndroidManifest.xml:128:22-92
129    <uses-permission android:name="com.google.android.googleapps.permission.GOOGLE_AUTH.dodgeball" />
129-->src\main\AndroidManifest.xml:129:5-102
129-->src\main\AndroidManifest.xml:129:22-99
130    <uses-permission android:name="com.google.android.googleapps.permission.GOOGLE_AUTH.finance" />
130-->src\main\AndroidManifest.xml:130:5-100
130-->src\main\AndroidManifest.xml:130:22-97
131    <uses-permission android:name="com.google.android.googleapps.permission.GOOGLE_AUTH.gbase" />
131-->src\main\AndroidManifest.xml:131:5-98
131-->src\main\AndroidManifest.xml:131:22-95
132    <uses-permission android:name="com.google.android.googleapps.permission.GOOGLE_AUTH.grandcentral" />
132-->src\main\AndroidManifest.xml:132:5-105
132-->src\main\AndroidManifest.xml:132:22-102
133    <uses-permission android:name="com.google.android.googleapps.permission.GOOGLE_AUTH.groups2" />
133-->src\main\AndroidManifest.xml:133:5-100
133-->src\main\AndroidManifest.xml:133:22-97
134    <uses-permission android:name="com.google.android.googleapps.permission.GOOGLE_AUTH.health" />
134-->src\main\AndroidManifest.xml:134:5-99
134-->src\main\AndroidManifest.xml:134:22-96
135    <uses-permission android:name="com.google.android.googleapps.permission.GOOGLE_AUTH.ig" />
135-->src\main\AndroidManifest.xml:135:5-95
135-->src\main\AndroidManifest.xml:135:22-92
136    <uses-permission android:name="com.google.android.googleapps.permission.GOOGLE_AUTH.jotspot" />
136-->src\main\AndroidManifest.xml:136:5-100
136-->src\main\AndroidManifest.xml:136:22-97
137    <uses-permission android:name="com.google.android.googleapps.permission.GOOGLE_AUTH.knol" />
137-->src\main\AndroidManifest.xml:137:5-97
137-->src\main\AndroidManifest.xml:137:22-94
138    <uses-permission android:name="com.google.android.googleapps.permission.GOOGLE_AUTH.lh2" />
138-->src\main\AndroidManifest.xml:138:5-96
138-->src\main\AndroidManifest.xml:138:22-93
139    <uses-permission android:name="com.google.android.googleapps.permission.GOOGLE_AUTH.local" />
139-->src\main\AndroidManifest.xml:139:5-98
139-->src\main\AndroidManifest.xml:139:22-95
140    <uses-permission android:name="com.google.android.googleapps.permission.GOOGLE_AUTH.mail" />
140-->src\main\AndroidManifest.xml:140:5-97
140-->src\main\AndroidManifest.xml:140:22-94
141    <uses-permission android:name="com.google.android.googleapps.permission.GOOGLE_AUTH.mobile" />
141-->src\main\AndroidManifest.xml:141:5-99
141-->src\main\AndroidManifest.xml:141:22-96
142    <uses-permission android:name="com.google.android.googleapps.permission.GOOGLE_AUTH.news" />
142-->src\main\AndroidManifest.xml:142:5-97
142-->src\main\AndroidManifest.xml:142:22-94
143    <uses-permission android:name="com.google.android.googleapps.permission.GOOGLE_AUTH.notebook" />
143-->src\main\AndroidManifest.xml:143:5-101
143-->src\main\AndroidManifest.xml:143:22-98
144    <uses-permission android:name="com.google.android.googleapps.permission.GOOGLE_AUTH.orkut" />
144-->src\main\AndroidManifest.xml:144:5-98
144-->src\main\AndroidManifest.xml:144:22-95
145    <uses-permission android:name="com.google.android.googleapps.permission.GOOGLE_AUTH.print" />
145-->src\main\AndroidManifest.xml:145:5-98
145-->src\main\AndroidManifest.xml:145:22-95
146    <uses-permission android:name="com.google.android.googleapps.permission.GOOGLE_AUTH.sierra" />
146-->src\main\AndroidManifest.xml:146:5-99
146-->src\main\AndroidManifest.xml:146:22-96
147    <uses-permission android:name="com.google.android.googleapps.permission.GOOGLE_AUTH.sierraqa" />
147-->src\main\AndroidManifest.xml:147:5-101
147-->src\main\AndroidManifest.xml:147:22-98
148    <uses-permission android:name="com.google.android.googleapps.permission.GOOGLE_AUTH.sierrasandbox" />
148-->src\main\AndroidManifest.xml:148:5-106
148-->src\main\AndroidManifest.xml:148:22-103
149    <uses-permission android:name="com.google.android.googleapps.permission.GOOGLE_AUTH.sitemaps" />
149-->src\main\AndroidManifest.xml:149:5-101
149-->src\main\AndroidManifest.xml:149:22-98
150    <uses-permission android:name="com.google.android.googleapps.permission.GOOGLE_AUTH.speech" />
150-->src\main\AndroidManifest.xml:150:5-99
150-->src\main\AndroidManifest.xml:150:22-96
151    <uses-permission android:name="com.google.android.googleapps.permission.GOOGLE_AUTH.speechpersonalization" />
151-->src\main\AndroidManifest.xml:151:5-114
151-->src\main\AndroidManifest.xml:151:22-111
152    <uses-permission android:name="com.google.android.googleapps.permission.GOOGLE_AUTH.talk" />
152-->src\main\AndroidManifest.xml:152:5-97
152-->src\main\AndroidManifest.xml:152:22-94
153    <uses-permission android:name="com.google.android.googleapps.permission.GOOGLE_AUTH.wifi" />
153-->src\main\AndroidManifest.xml:153:5-97
153-->src\main\AndroidManifest.xml:153:22-94
154    <uses-permission android:name="com.google.android.googleapps.permission.GOOGLE_AUTH.wise" />
154-->src\main\AndroidManifest.xml:154:5-97
154-->src\main\AndroidManifest.xml:154:22-94
155    <uses-permission android:name="com.google.android.googleapps.permission.GOOGLE_AUTH.writely" />
155-->src\main\AndroidManifest.xml:155:5-100
155-->src\main\AndroidManifest.xml:155:22-97
156    <uses-permission android:name="com.google.android.googleapps.permission.GOOGLE_AUTH.youtube" />
156-->src\main\AndroidManifest.xml:156:5-100
156-->src\main\AndroidManifest.xml:156:22-97
157    <uses-permission android:name="com.google.android.launcher.permission.READ_SETTINGS" />
157-->src\main\AndroidManifest.xml:157:5-92
157-->src\main\AndroidManifest.xml:157:22-89
158    <uses-permission android:name="com.google.android.providers.gsf.permission.READ_GSERVICES" />
158-->src\main\AndroidManifest.xml:158:5-98
158-->src\main\AndroidManifest.xml:158:22-95
159    <uses-permission android:name="com.google.android.providers.talk.permission.READ_ONLY" />
159-->src\main\AndroidManifest.xml:159:5-94
159-->src\main\AndroidManifest.xml:159:22-91
160    <uses-permission android:name="com.google.android.providers.talk.permission.WRITE_ONLY" />
160-->src\main\AndroidManifest.xml:160:5-95
160-->src\main\AndroidManifest.xml:160:22-92
161    <uses-permission android:name="android.permission.MOUNT_UNMOUNT_FILESYSTEMS" />
161-->src\main\AndroidManifest.xml:161:5-84
161-->src\main\AndroidManifest.xml:161:22-81
162    <uses-permission android:name="android.permission.READ_LOGS" />
162-->src\main\AndroidManifest.xml:162:5-68
162-->src\main\AndroidManifest.xml:162:22-65
163    <uses-permission android:name="android.permission.READ_OWNER_DATA" />
163-->src\main\AndroidManifest.xml:163:5-74
163-->src\main\AndroidManifest.xml:163:22-71
164    <uses-permission android:name="android.permission.WRITE_OWNER_DATA" />
164-->src\main\AndroidManifest.xml:164:5-75
164-->src\main\AndroidManifest.xml:164:22-72
165    <uses-permission android:name="android.permission.CHANGE_CONFIGURATION" />
165-->src\main\AndroidManifest.xml:165:5-79
165-->src\main\AndroidManifest.xml:165:22-76
166    <uses-permission android:name="android.permission.BATTERY_STATS" />
166-->src\main\AndroidManifest.xml:166:5-72
166-->src\main\AndroidManifest.xml:166:22-69
167    <uses-permission android:name="android.permission.ACCESS_DOWNLOAD_MANAGER" />
167-->src\main\AndroidManifest.xml:167:5-82
167-->src\main\AndroidManifest.xml:167:22-79
168    <uses-permission android:name="com.android.launcher.permission.READ_SETTINGS" />
168-->src\main\AndroidManifest.xml:168:5-85
168-->src\main\AndroidManifest.xml:168:22-82
169    <uses-permission android:name="com.android.launcher.permission.WRITE_SETTINGS" />
169-->src\main\AndroidManifest.xml:169:5-86
169-->src\main\AndroidManifest.xml:169:22-83
170    <uses-permission android:name="com.htc.launcher.permission.READ_SETTINGS" />
170-->src\main\AndroidManifest.xml:170:5-81
170-->src\main\AndroidManifest.xml:170:22-78
171    <uses-permission android:name="com.qihoo.appstore.rtservice.ACCESS_RTSERVICE" />
171-->src\main\AndroidManifest.xml:171:5-85
171-->src\main\AndroidManifest.xml:171:22-82
172    <uses-permission android:name="android.permission.SEND_DOWNLOAD_COMPLETED_INTENTS" />
172-->src\main\AndroidManifest.xml:172:5-90
172-->src\main\AndroidManifest.xml:172:22-87
173    <uses-permission android:name="android.permission.INTERACT_ACROSS_USERS_FULL" />
173-->src\main\AndroidManifest.xml:173:5-85
173-->src\main\AndroidManifest.xml:173:22-82
174
175    <uses-feature android:name="android.hardware.camera" />
175-->src\main\AndroidManifest.xml:176:5-60
175-->src\main\AndroidManifest.xml:176:19-57
176    <uses-feature
176-->src\main\AndroidManifest.xml:177:5-179:36
177        android:name="android.hardware.camera.autofocus"
177-->src\main\AndroidManifest.xml:178:9-57
178        android:required="false" />
178-->src\main\AndroidManifest.xml:179:9-33
179
180    <application>
180-->src\main\AndroidManifest.xml:181:5-4585:19
181
182        <!-- 插件管理服务，提供插件的包管理，进程管理。 -->
183        <service
183-->src\main\AndroidManifest.xml:184:9-186:75
184            android:name="com.morgoo.droidplugin.PluginManagerService"
184-->src\main\AndroidManifest.xml:185:13-49
185            android:label="@string/service_name_plugin_manager_service" />
185-->src\main\AndroidManifest.xml:186:13-72
186
187        <provider
187-->src\main\AndroidManifest.xml:188:9-190:75
188            android:name="com.morgoo.droidplugin.PluginServiceProvider"
188-->src\main\AndroidManifest.xml:189:13-50
189            android:authorities="${applicationId}.plugin.servicemanager" />
189-->src\main\AndroidManifest.xml:190:13-73
190
191        <activity
191-->src\main\AndroidManifest.xml:192:9-201:20
192            android:name="com.morgoo.droidplugin.stub.ShortcutProxyActivity"
192-->src\main\AndroidManifest.xml:193:13-77
193            android:exported="true"
193-->src\main\AndroidManifest.xml:194:13-36
194            android:launchMode="singleTask"
194-->src\main\AndroidManifest.xml:195:13-44
195            android:theme="@android:style/Theme.Light.NoTitleBar" >
195-->src\main\AndroidManifest.xml:196:13-66
196            <intent-filter>
196-->src\main\AndroidManifest.xml:197:13-200:29
197                <action android:name="com.morgoo.droidplugin.ACTION_SHORTCUT_PROXY" />
197-->src\main\AndroidManifest.xml:198:17-86
197-->src\main\AndroidManifest.xml:198:25-84
198
199                <category android:name="android.intent.category.DEFAULT" />
199-->src\main\AndroidManifest.xml:199:17-76
199-->src\main\AndroidManifest.xml:199:27-73
200            </intent-filter>
201        </activity>
202
203        <!-- 预注册一些Activity，为了插件使用 -->
204        <!-- 第0个进程 -->
205        <activity
205-->src\main\AndroidManifest.xml:206:9-223:20
206            android:name="com.morgoo.droidplugin.stub.ActivityStub$P00$Standard00"
206-->src\main\AndroidManifest.xml:207:13-61
207            android:allowTaskReparenting="true"
207-->src\main\AndroidManifest.xml:208:13-48
208            android:excludeFromRecents="true"
208-->src\main\AndroidManifest.xml:209:13-46
209            android:exported="false"
209-->src\main\AndroidManifest.xml:210:13-37
210            android:hardwareAccelerated="true"
210-->src\main\AndroidManifest.xml:211:13-47
211            android:label="@string/stub_name_activity"
211-->src\main\AndroidManifest.xml:212:13-55
212            android:launchMode="standard"
212-->src\main\AndroidManifest.xml:213:13-42
213            android:noHistory="true"
213-->src\main\AndroidManifest.xml:214:13-37
214            android:theme="@style/DroidPluginTheme" >
214-->src\main\AndroidManifest.xml:215:13-52
215            <intent-filter>
215-->src\main\AndroidManifest.xml:216:13-219:29
216                <action android:name="android.intent.action.MAIN" />
216-->src\main\AndroidManifest.xml:217:17-69
216-->src\main\AndroidManifest.xml:217:25-66
217
218                <category android:name="com.morgoo.droidplugin.category.PROXY_STUB" />
218-->src\main\AndroidManifest.xml:218:17-87
218-->src\main\AndroidManifest.xml:218:27-84
219            </intent-filter>
220
221            <meta-data
221-->src\main\AndroidManifest.xml:220:13-222:37
222                android:name="com.morgoo.droidplugin.ACTIVITY_STUB_INDEX"
222-->src\main\AndroidManifest.xml:221:17-74
223                android:value="0" />
223-->src\main\AndroidManifest.xml:222:17-34
224        </activity>
225        <activity
225-->src\main\AndroidManifest.xml:224:9-240:20
226            android:name="com.morgoo.droidplugin.stub.ActivityStub$P00$SingleInstance00"
226-->src\main\AndroidManifest.xml:225:13-67
227            android:allowTaskReparenting="true"
227-->src\main\AndroidManifest.xml:226:13-48
228            android:excludeFromRecents="true"
228-->src\main\AndroidManifest.xml:227:13-46
229            android:exported="false"